2025-07-08 19:48:00.748 [main] DEBUG Exposed - SELECT COUNT(*) FROM counties
2025-07-08 19:48:00.883 [main] INFO  io.ktor.server.Application - Autoreload is disabled because the development mode is off.
2025-07-08 19:48:01.126 [main] INFO  io.ktor.server.Application - Application started in 0.287 seconds.
WARNING: A restricted method in java.lang.System has been called
WARNING: java.lang.System::loadLibrary has been called by io.netty.util.internal.NativeLibraryUtil in an unnamed module (file:/Users/seans/AndroidStudioProjects/permitmanagementsystem/server/build/libs/server-all.jar)
WARNING: Use --enable-native-access=ALL-UNNAMED to avoid a warning for callers in this module
WARNING: Restricted methods will be blocked in a future release unless native access is enabled

Exception in thread "main" java.net.BindException: Address already in use
	at java.base/sun.nio.ch.Net.bind0(Native Method)
	at java.base/sun.nio.ch.Net.bind(Net.java:511)
	at java.base/sun.nio.ch.ServerSocketChannelImpl.netBind(ServerSocketChannelImpl.java:335)
	at java.base/sun.nio.ch.ServerSocketChannelImpl.bind(ServerSocketChannelImpl.java:297)
	at io.netty.channel.socket.nio.NioServerSocketChannel.doBind(NioServerSocketChannel.java:148)
	at io.netty.channel.AbstractChannel$AbstractUnsafe.bind(AbstractChannel.java:434)
	at io.netty.channel.DefaultChannelPipeline$HeadContext.bind(DefaultChannelPipeline.java:1353)
	at io.netty.channel.AbstractChannelHandlerContext.invokeBind(AbstractChannelHandlerContext.java:493)
	at io.netty.channel.AbstractChannelHandlerContext.bind(AbstractChannelHandlerContext.java:472)
	at io.netty.channel.DefaultChannelPipeline.bind(DefaultChannelPipeline.java:994)
	at io.netty.channel.Channel.bind(Channel.java:302)
	at io.netty.bootstrap.AbstractBootstrap$2.run(AbstractBootstrap.java:380)
	at io.netty.util.concurrent.AbstractEventExecutor.runTask(AbstractEventExecutor.java:148)
	at io.netty.util.concurrent.AbstractEventExecutor.safeExecute(AbstractEventExecutor.java:141)
	at io.netty.util.concurrent.SingleThreadEventExecutor.runAllTasks(SingleThreadEventExecutor.java:507)
	at io.netty.channel.SingleThreadIoEventLoop.run(SingleThreadIoEventLoop.java:182)
	at io.netty.util.concurrent.SingleThreadEventExecutor$5.run(SingleThreadEventExecutor.java:1073)
	at io.netty.util.internal.ThreadExecutorMap$2.run(ThreadExecutorMap.java:74)
	at io.netty.util.concurrent.FastThreadLocalRunnable.run(FastThreadLocalRunnable.java:30)
	at java.base/java.lang.Thread.run(Thread.java:1447)
	Suppressed: java.util.concurrent.CompletionException: Rethrowing promise failure cause
		at io.netty.util.concurrent.DefaultPromise.rethrowIfFailed(DefaultPromise.java:685)
		at io.netty.util.concurrent.DefaultPromise.sync(DefaultPromise.java:419)
		at io.netty.channel.DefaultChannelPromise.sync(DefaultChannelPromise.java:119)
		at io.netty.channel.DefaultChannelPromise.sync(DefaultChannelPromise.java:30)
		at io.ktor.server.netty.NettyApplicationEngine.start(NettyApplicationEngine.kt:246)
		at io.ktor.server.netty.NettyApplicationEngine.start(NettyApplicationEngine.kt:38)
		at io.ktor.server.engine.EmbeddedServer.start(EmbeddedServerJvm.kt:336)
		at com.regnowsnaes.permitmanagementsystem.ApplicationKt.main(Application.kt:25)
		at com.regnowsnaes.permitmanagementsystem.ApplicationKt.main(Application.kt)
