23:11:12,771 |-INFO in ch.qos.logback.classic.LoggerContext[default] - This is logback-classic version ?
23:11:12,775 |-INFO in ch.qos.logback.classic.util.ContextInitializer@49d904ec - No custom configurators were discovered as a service.
23:11:12,775 |-INFO in ch.qos.logback.classic.util.ContextInitializer@49d904ec - Trying to configure with ch.qos.logback.classic.joran.SerializedModelConfigurator
23:11:12,780 |-INFO in ch.qos.logback.classic.util.ContextInitializer@49d904ec - Constructed configurator of type class ch.qos.logback.classic.joran.SerializedModelConfigurator
23:11:12,805 |-INFO in ch.qos.logback.classic.LoggerContext[default] - Could NOT find resource [logback-test.scmo]
23:11:12,806 |-INFO in ch.qos.logback.classic.LoggerContext[default] - Could NOT find resource [logback.scmo]
23:11:12,825 |-INFO in ch.qos.logback.classic.util.ContextInitializer@49d904ec - ch.qos.logback.classic.joran.SerializedModelConfigurator.configure() call lasted 26 milliseconds. ExecutionStatus=INVOKE_NEXT_IF_ANY
23:11:12,825 |-INFO in ch.qos.logback.classic.util.ContextInitializer@49d904ec - Trying to configure with ch.qos.logback.classic.util.DefaultJoranConfigurator
23:11:12,826 |-INFO in ch.qos.logback.classic.util.ContextInitializer@49d904ec - Constructed configurator of type class ch.qos.logback.classic.util.DefaultJoranConfigurator
23:11:12,827 |-INFO in ch.qos.logback.classic.LoggerContext[default] - Could NOT find resource [logback-test.xml]
23:11:12,835 |-INFO in ch.qos.logback.classic.LoggerContext[default] - Found resource [logback.xml] at [jar:file:/Users/seans/Downloads/permitmanagementsystem/server/build/libs/server-all.jar!/logback.xml]
23:11:12,847 |-INFO in ConfigurationWatchList(mainURL=jar:file:/Users/seans/Downloads/permitmanagementsystem/server/build/libs/server-all.jar!/logback.xml, fileWatchList={}, urlWatchList=[}) - URL [jar:file:/Users/seans/Downloads/permitmanagementsystem/server/build/libs/server-all.jar!/logback.xml] is not of type file
23:11:13,320 |-WARN in ch.qos.logback.core.model.processor.ImplicitModelHandler - Ignoring unknown property [springProfile] in [ch.qos.logback.classic.LoggerContext]
23:11:13,320 |-WARN in ch.qos.logback.core.model.processor.ImplicitModelHandler - Ignoring unknown property [springProfile] in [ch.qos.logback.classic.LoggerContext]
23:11:13,320 |-WARN in ch.qos.logback.core.model.processor.ImplicitModelHandler - Ignoring unknown property [springProfile] in [ch.qos.logback.classic.LoggerContext]
23:11:13,320 |-WARN in ch.qos.logback.core.model.processor.ImplicitModelHandler - Ignoring unknown property [springProfile] in [ch.qos.logback.classic.LoggerContext]
23:11:13,335 |-INFO in ch.qos.logback.core.model.processor.AppenderModelHandler - Processing appender named [CONSOLE]
23:11:13,335 |-INFO in ch.qos.logback.core.model.processor.AppenderModelHandler - About to instantiate appender of type [ch.qos.logback.core.ConsoleAppender]
23:11:13,353 |-INFO in ch.qos.logback.core.model.processor.ImplicitModelHandler - Assuming default type [ch.qos.logback.classic.encoder.PatternLayoutEncoder] for [encoder] property
23:11:13,563 |-INFO in ch.qos.logback.core.ConsoleAppender[CONSOLE] - BEWARE: Writing to the console can be very slow. Avoid logging to the 
23:11:13,563 |-INFO in ch.qos.logback.core.ConsoleAppender[CONSOLE] - console in production environments, especially in high volume systems.
23:11:13,563 |-INFO in ch.qos.logback.core.ConsoleAppender[CONSOLE] - See also https://logback.qos.ch/codes.html#slowConsole
23:11:13,564 |-INFO in ch.qos.logback.core.model.processor.AppenderModelHandler - Processing appender named [FILE]
23:11:13,564 |-INFO in ch.qos.logback.core.model.processor.AppenderModelHandler - About to instantiate appender of type [ch.qos.logback.core.rolling.RollingFileAppender]
23:11:13,611 |-INFO in c.q.l.core.rolling.TimeBasedRollingPolicy@23211803 - setting totalSizeCap to 10 GB
23:11:13,612 |-INFO in c.q.l.core.rolling.TimeBasedRollingPolicy@23211803 - Will use gz compression
23:11:13,618 |-INFO in c.q.l.core.rolling.TimeBasedRollingPolicy@23211803 - Will use the pattern logs/server.%d{yyyy-MM-dd}.%i.log for the active file
23:11:13,618 |-WARN in ch.qos.logback.core.rolling.SizeAndTimeBasedFNATP@72a7c7e0 - SizeAndTimeBasedFNATP class was renamed as SizeAndTimeBasedFileNamingAndTriggeringPolicy.
23:11:13,728 |-INFO in ch.qos.logback.core.rolling.SizeAndTimeBasedFNATP@72a7c7e0 - The date pattern is 'yyyy-MM-dd' from file name pattern 'logs/server.%d{yyyy-MM-dd}.%i.log.gz'.
23:11:13,728 |-INFO in ch.qos.logback.core.rolling.SizeAndTimeBasedFNATP@72a7c7e0 - Roll-over at midnight.
23:11:13,760 |-INFO in ch.qos.logback.core.rolling.SizeAndTimeBasedFNATP@72a7c7e0 - Setting initial period to 2025-08-13T03:01:35.149Z
23:11:13,760 |-WARN in ch.qos.logback.core.rolling.SizeAndTimeBasedFNATP@72a7c7e0 - Direct use of either SizeAndTimeBasedFNATP or SizeAndTimeBasedFileNamingAndTriggeringPolicy 
23:11:13,760 |-WARN in ch.qos.logback.core.rolling.SizeAndTimeBasedFNATP@72a7c7e0 - is deprecated. Please use SizeAndTimeBasedRollingPolicy instead.
23:11:13,760 |-WARN in ch.qos.logback.core.rolling.SizeAndTimeBasedFNATP@72a7c7e0 - For more information see https://logback.qos.ch/manual/appenders.html#SizeAndTimeBasedRollingPolicy
23:11:13,781 |-INFO in ch.qos.logback.core.model.processor.ImplicitModelHandler - Assuming default type [ch.qos.logback.classic.encoder.PatternLayoutEncoder] for [encoder] property
23:11:13,796 |-INFO in ch.qos.logback.core.rolling.RollingFileAppender[FILE] - Active log file name: logs/server.log
23:11:13,805 |-INFO in ch.qos.logback.core.rolling.RollingFileAppender[FILE] - Setting currentFileLength to 233397 for logs/server.log
23:11:13,807 |-INFO in ch.qos.logback.core.rolling.RollingFileAppender[FILE] - File property is set to [logs/server.log]
23:11:13,809 |-INFO in ch.qos.logback.core.model.processor.AppenderModelHandler - Processing appender named [ERROR_FILE]
23:11:13,809 |-INFO in ch.qos.logback.core.model.processor.AppenderModelHandler - About to instantiate appender of type [ch.qos.logback.core.rolling.RollingFileAppender]
23:11:13,817 |-INFO in c.q.l.core.rolling.TimeBasedRollingPolicy@776700275 - setting totalSizeCap to 5 GB
23:11:13,817 |-INFO in c.q.l.core.rolling.TimeBasedRollingPolicy@776700275 - Will use gz compression
23:11:13,818 |-INFO in c.q.l.core.rolling.TimeBasedRollingPolicy@776700275 - Will use the pattern logs/error.%d{yyyy-MM-dd}.%i.log for the active file
23:11:13,818 |-WARN in ch.qos.logback.core.rolling.SizeAndTimeBasedFNATP@70e8f8e - SizeAndTimeBasedFNATP class was renamed as SizeAndTimeBasedFileNamingAndTriggeringPolicy.
23:11:13,820 |-INFO in ch.qos.logback.core.rolling.SizeAndTimeBasedFNATP@70e8f8e - The date pattern is 'yyyy-MM-dd' from file name pattern 'logs/error.%d{yyyy-MM-dd}.%i.log.gz'.
23:11:13,820 |-INFO in ch.qos.logback.core.rolling.SizeAndTimeBasedFNATP@70e8f8e - Roll-over at midnight.
23:11:13,828 |-INFO in ch.qos.logback.core.rolling.SizeAndTimeBasedFNATP@70e8f8e - Setting initial period to 2025-08-13T02:28:25.838Z
23:11:13,828 |-WARN in ch.qos.logback.core.rolling.SizeAndTimeBasedFNATP@70e8f8e - Direct use of either SizeAndTimeBasedFNATP or SizeAndTimeBasedFileNamingAndTriggeringPolicy 
23:11:13,828 |-WARN in ch.qos.logback.core.rolling.SizeAndTimeBasedFNATP@70e8f8e - is deprecated. Please use SizeAndTimeBasedRollingPolicy instead.
23:11:13,828 |-WARN in ch.qos.logback.core.rolling.SizeAndTimeBasedFNATP@70e8f8e - For more information see https://logback.qos.ch/manual/appenders.html#SizeAndTimeBasedRollingPolicy
23:11:13,829 |-INFO in ch.qos.logback.core.model.processor.ImplicitModelHandler - Assuming default type [ch.qos.logback.classic.encoder.PatternLayoutEncoder] for [encoder] property
23:11:13,831 |-INFO in ch.qos.logback.core.rolling.RollingFileAppender[ERROR_FILE] - Active log file name: logs/error.log
23:11:13,831 |-INFO in ch.qos.logback.core.rolling.RollingFileAppender[ERROR_FILE] - Setting currentFileLength to 217653 for logs/error.log
23:11:13,831 |-INFO in ch.qos.logback.core.rolling.RollingFileAppender[ERROR_FILE] - File property is set to [logs/error.log]
23:11:13,832 |-INFO in ch.qos.logback.core.model.processor.AppenderModelHandler - Processing appender named [ACCESS_FILE]
23:11:13,832 |-INFO in ch.qos.logback.core.model.processor.AppenderModelHandler - About to instantiate appender of type [ch.qos.logback.core.rolling.RollingFileAppender]
23:11:13,838 |-INFO in c.q.l.core.rolling.TimeBasedRollingPolicy@386163331 - setting totalSizeCap to 20 GB
23:11:13,838 |-INFO in c.q.l.core.rolling.TimeBasedRollingPolicy@386163331 - Will use gz compression
23:11:13,838 |-INFO in c.q.l.core.rolling.TimeBasedRollingPolicy@386163331 - Will use the pattern logs/access.%d{yyyy-MM-dd}.%i.log for the active file
23:11:13,838 |-WARN in ch.qos.logback.core.rolling.SizeAndTimeBasedFNATP@5bd03f44 - SizeAndTimeBasedFNATP class was renamed as SizeAndTimeBasedFileNamingAndTriggeringPolicy.
23:11:13,841 |-INFO in ch.qos.logback.core.rolling.SizeAndTimeBasedFNATP@5bd03f44 - The date pattern is 'yyyy-MM-dd' from file name pattern 'logs/access.%d{yyyy-MM-dd}.%i.log.gz'.
23:11:13,841 |-INFO in ch.qos.logback.core.rolling.SizeAndTimeBasedFNATP@5bd03f44 - Roll-over at midnight.
23:11:13,842 |-INFO in ch.qos.logback.core.rolling.SizeAndTimeBasedFNATP@5bd03f44 - Setting initial period to 2025-08-12T02:05:07.458Z
23:11:13,842 |-WARN in ch.qos.logback.core.rolling.SizeAndTimeBasedFNATP@5bd03f44 - Direct use of either SizeAndTimeBasedFNATP or SizeAndTimeBasedFileNamingAndTriggeringPolicy 
23:11:13,842 |-WARN in ch.qos.logback.core.rolling.SizeAndTimeBasedFNATP@5bd03f44 - is deprecated. Please use SizeAndTimeBasedRollingPolicy instead.
23:11:13,842 |-WARN in ch.qos.logback.core.rolling.SizeAndTimeBasedFNATP@5bd03f44 - For more information see https://logback.qos.ch/manual/appenders.html#SizeAndTimeBasedRollingPolicy
23:11:13,843 |-INFO in ch.qos.logback.core.model.processor.ImplicitModelHandler - Assuming default type [ch.qos.logback.classic.encoder.PatternLayoutEncoder] for [encoder] property
23:11:13,844 |-INFO in ch.qos.logback.core.rolling.RollingFileAppender[ACCESS_FILE] - Active log file name: logs/access.log
23:11:13,844 |-INFO in ch.qos.logback.core.rolling.RollingFileAppender[ACCESS_FILE] - Setting currentFileLength to 0 for logs/access.log
23:11:13,844 |-INFO in ch.qos.logback.core.rolling.RollingFileAppender[ACCESS_FILE] - File property is set to [logs/access.log]
23:11:13,857 |-INFO in ch.qos.logback.core.model.processor.AppenderModelHandler - Processing appender named [ASYNC_FILE]
23:11:13,857 |-INFO in ch.qos.logback.core.model.processor.AppenderModelHandler - About to instantiate appender of type [ch.qos.logback.classic.AsyncAppender]
23:11:13,862 |-INFO in ch.qos.logback.core.model.processor.AppenderRefModelHandler - Attaching appender named [FILE] to ch.qos.logback.classic.AsyncAppender[ASYNC_FILE]
23:11:13,863 |-INFO in ch.qos.logback.classic.AsyncAppender[ASYNC_FILE] - Attaching appender named [FILE] to AsyncAppender.
23:11:13,866 |-INFO in ch.qos.logback.classic.AsyncAppender[ASYNC_FILE] - Setting discardingThreshold to 0
23:11:13,866 |-INFO in ch.qos.logback.core.model.processor.AppenderModelHandler - Processing appender named [ASYNC_ERROR]
23:11:13,866 |-INFO in ch.qos.logback.core.model.processor.AppenderModelHandler - About to instantiate appender of type [ch.qos.logback.classic.AsyncAppender]
23:11:13,867 |-INFO in ch.qos.logback.core.model.processor.AppenderRefModelHandler - Attaching appender named [ERROR_FILE] to ch.qos.logback.classic.AsyncAppender[ASYNC_ERROR]
23:11:13,867 |-INFO in ch.qos.logback.classic.AsyncAppender[ASYNC_ERROR] - Attaching appender named [ERROR_FILE] to AsyncAppender.
23:11:13,867 |-INFO in ch.qos.logback.classic.AsyncAppender[ASYNC_ERROR] - Setting discardingThreshold to 0
23:11:13,870 |-INFO in ch.qos.logback.classic.model.processor.LoggerModelHandler - Setting level of logger [io.ktor.server.engine.ApplicationEngine] to INFO
23:11:13,877 |-INFO in ch.qos.logback.classic.model.processor.LoggerModelHandler - Setting additivity of logger [io.ktor.server.engine.ApplicationEngine] to false
23:11:13,878 |-INFO in ch.qos.logback.core.model.processor.AppenderRefModelHandler - Attaching appender named [ACCESS_FILE] to Logger[io.ktor.server.engine.ApplicationEngine]
23:11:13,878 |-INFO in ch.qos.logback.classic.model.processor.LoggerModelHandler - Setting level of logger [Exposed] to INFO
23:11:13,878 |-INFO in ch.qos.logback.classic.model.processor.LoggerModelHandler - Setting level of logger [org.jetbrains.exposed] to INFO
23:11:13,878 |-INFO in ch.qos.logback.classic.model.processor.LoggerModelHandler - Setting level of logger [com.zaxxer.hikari] to INFO
23:11:13,878 |-INFO in ch.qos.logback.classic.model.processor.LoggerModelHandler - Setting level of logger [com.regnowsnaes.permitmanagementsystem.services.AuthService] to INFO
23:11:13,878 |-INFO in ch.qos.logback.classic.model.processor.LoggerModelHandler - Setting level of logger [io.netty] to WARN
23:11:13,878 |-INFO in ch.qos.logback.classic.model.processor.LoggerModelHandler - Setting level of logger [org.postgresql] to WARN
23:11:13,878 |-INFO in ch.qos.logback.classic.model.processor.RootLoggerModelHandler - Setting level of ROOT logger to INFO
23:11:13,879 |-INFO in ch.qos.logback.core.model.processor.AppenderRefModelHandler - Attaching appender named [CONSOLE] to Logger[ROOT]
23:11:13,879 |-INFO in ch.qos.logback.core.model.processor.AppenderRefModelHandler - Attaching appender named [ASYNC_FILE] to Logger[ROOT]
23:11:13,879 |-INFO in ch.qos.logback.core.model.processor.AppenderRefModelHandler - Attaching appender named [ASYNC_ERROR] to Logger[ROOT]
23:11:13,879 |-INFO in ch.qos.logback.core.model.processor.DefaultProcessor@29626d54 - End of configuration.
23:11:13,880 |-INFO in ch.qos.logback.classic.joran.JoranConfigurator@5a63f509 - Registering current configuration as safe fallback point
23:11:13,880 |-INFO in ch.qos.logback.classic.util.ContextInitializer@49d904ec - ch.qos.logback.classic.util.DefaultJoranConfigurator.configure() call lasted 1054 milliseconds. ExecutionStatus=DO_NOT_INVOKE_NEXT_IF_ANY

2025-08-12 23:11:13.982 [main] INFO  com.zaxxer.hikari.HikariDataSource - PermitManagementPool - Starting...
2025-08-12 23:11:14.357 [main] INFO  com.zaxxer.hikari.pool.HikariPool - PermitManagementPool - Added connection org.postgresql.jdbc.PgConnection@57d7f8ca
2025-08-12 23:11:14.361 [main] INFO  com.zaxxer.hikari.HikariDataSource - PermitManagementPool - Start completed.
✅ Database connection test successful
✅ Database tables created/verified
✅ Database already contains seed data
✅ Database initialized successfully
🚀 Starting Permit Management System Server
   Environment: development
   Server: 0.0.0.0:8081
   Database: jdbc:postgresql://localhost:5432/permit_management_dev
2025-08-12 23:11:15.994 [main] INFO  ktor.application - Autoreload is disabled because the development mode is off.
2025-08-12 23:11:16.782 [main] INFO  ktor.application - Application started in 0.888 seconds.
2025-08-12 23:11:17.314 [DefaultDispatcher-worker-1] INFO  ktor.application - Responding at http://0.0.0.0:8081
